D:\учёба\3 курс\1 сем\ОСИСП\кусрач\алгоритмы\SPLAY\SPLAY\DEBUG\SPLAY.OBJ
D:\УЧЁБА\3 КУРС\1 СЕМ\ОСИСП\КУСРАЧ\АЛГОРИТМЫ\SPLAY\SPLAY\DEBUG\VC110.PDB
D:\учёба\3 курс\1 сем\ОСИСП\кусрач\алгоритмы\SPLAY\SPLAY\DEBUG\SPLAYALG.OBJ
D:\учёба\3 курс\1 сем\ОСИСП\кусрач\WIN32PROJECT1\DEBUG\SPLAY.ILK
D:\учёба\3 курс\1 сем\ОСИСП\кусрач\WIN32PROJECT1\DEBUG\SPLAY.DLL
D:\УЧЁБА\3 КУРС\1 СЕМ\ОСИСП\КУСРАЧ\WIN32PROJECT1\DEBUG\SPLAY.PDB
D:\учёба\3 курс\1 сем\ОСИСП\кусрач\Win32Project1\алгоритмы\SPLAY\SPLAY\Debug\SPLAY.obj
D:\учёба\3 курс\1 сем\ОСИСП\кусрач\Win32Project1\алгоритмы\SPLAY\SPLAY\Debug\SplayAlg.obj
D:\учёба\3 курс\1 сем\ОСИСП\кусрач\Win32Project1\алгоритмы\SPLAY\SPLAY\Debug\cl.command.1.tlog
D:\учёба\3 курс\1 сем\ОСИСП\кусрач\Win32Project1\алгоритмы\SPLAY\SPLAY\Debug\CL.read.1.tlog
D:\учёба\3 курс\1 сем\ОСИСП\кусрач\Win32Project1\алгоритмы\SPLAY\SPLAY\Debug\CL.write.1.tlog
D:\учёба\3 курс\1 сем\ОСИСП\кусрач\Win32Project1\алгоритмы\SPLAY\SPLAY\Debug\link-cvtres.read.1.tlog
D:\учёба\3 курс\1 сем\ОСИСП\кусрач\Win32Project1\алгоритмы\SPLAY\SPLAY\Debug\link-cvtres.write.1.tlog
D:\учёба\3 курс\1 сем\ОСИСП\кусрач\Win32Project1\алгоритмы\SPLAY\SPLAY\Debug\link-rc.read.1.tlog
D:\учёба\3 курс\1 сем\ОСИСП\кусрач\Win32Project1\алгоритмы\SPLAY\SPLAY\Debug\link-rc.write.1.tlog
D:\учёба\3 курс\1 сем\ОСИСП\кусрач\Win32Project1\алгоритмы\SPLAY\SPLAY\Debug\link.command.1.tlog
D:\учёба\3 курс\1 сем\ОСИСП\кусрач\Win32Project1\алгоритмы\SPLAY\SPLAY\Debug\link.read.1.tlog
D:\учёба\3 курс\1 сем\ОСИСП\кусрач\Win32Project1\алгоритмы\SPLAY\SPLAY\Debug\link.write.1.tlog
D:\учёба\3 курс\1 сем\ОСИСП\кусрач\Win32Project1\алгоритмы\SPLAY\SPLAY\Debug\vc110.idb
D:\учёба\3 курс\1 сем\ОСИСП\кусрач\Win32Project1\алгоритмы\SPLAY\SPLAY\Debug\vc110.pdb
D:\учёба\3 курс\1 сем\ОСИСП\кусрач\Win32Project1\алгоритмы\SPLAY\Debug\SPLAY.pdb
D:\учёба\3 курс\1 сем\ОСИСП\кусрач\Win32Project1\алгоритмы\SPLAY\Debug\SPLAY.dll
D:\учёба\3 курс\1 сем\ОСИСП\кусрач\Win32Project1\алгоритмы\SPLAY\Debug\SPLAY.ilk
