D:\учёба\3 курс\1 сем\ОСИСП\кусрач\WIN32PROJECT1\алгоритмы\AR002\AR002\DEBUG\AR002ALG.OBJ
D:\УЧЁБА\3 КУРС\1 СЕМ\ОСИСП\КУСРАЧ\WIN32PROJECT1\АЛГОРИТМЫ\AR002\AR002\DEBUG\VC110.PDB
D:\учёба\3 курс\1 сем\ОСИСП\кусрач\WIN32PROJECT1\алгоритмы\AR002\DEBUG\AR002.ILK
D:\учёба\3 курс\1 сем\ОСИСП\кусрач\WIN32PROJECT1\алгоритмы\AR002\DEBUG\AR002.DLL
D:\УЧЁБА\3 КУРС\1 СЕМ\ОСИСП\КУСРАЧ\WIN32PROJECT1\АЛГОРИТМЫ\AR002\DEBUG\AR002.PDB
D:\учёба\3 курс\1 сем\ОСИСП\кусрач\Win32Project1\алгоритмы\AR002\AR002\Debug\AR002Alg.obj
D:\учёба\3 курс\1 сем\ОСИСП\кусрач\Win32Project1\алгоритмы\AR002\AR002\Debug\cl.command.1.tlog
D:\учёба\3 курс\1 сем\ОСИСП\кусрач\Win32Project1\алгоритмы\AR002\AR002\Debug\CL.read.1.tlog
D:\учёба\3 курс\1 сем\ОСИСП\кусрач\Win32Project1\алгоритмы\AR002\AR002\Debug\CL.write.1.tlog
D:\учёба\3 курс\1 сем\ОСИСП\кусрач\Win32Project1\алгоритмы\AR002\AR002\Debug\link-cvtres.read.1.tlog
D:\учёба\3 курс\1 сем\ОСИСП\кусрач\Win32Project1\алгоритмы\AR002\AR002\Debug\link-cvtres.write.1.tlog
D:\учёба\3 курс\1 сем\ОСИСП\кусрач\Win32Project1\алгоритмы\AR002\AR002\Debug\link-rc.read.1.tlog
D:\учёба\3 курс\1 сем\ОСИСП\кусрач\Win32Project1\алгоритмы\AR002\AR002\Debug\link-rc.write.1.tlog
D:\учёба\3 курс\1 сем\ОСИСП\кусрач\Win32Project1\алгоритмы\AR002\AR002\Debug\link.command.1.tlog
D:\учёба\3 курс\1 сем\ОСИСП\кусрач\Win32Project1\алгоритмы\AR002\AR002\Debug\link.read.1.tlog
D:\учёба\3 курс\1 сем\ОСИСП\кусрач\Win32Project1\алгоритмы\AR002\AR002\Debug\link.write.1.tlog
D:\учёба\3 курс\1 сем\ОСИСП\кусрач\Win32Project1\алгоритмы\AR002\AR002\Debug\vc110.idb
D:\учёба\3 курс\1 сем\ОСИСП\кусрач\Win32Project1\алгоритмы\AR002\AR002\Debug\vc110.pdb
D:\учёба\3 курс\1 сем\ОСИСП\кусрач\Win32Project1\алгоритмы\AR002\Debug\AR002.pdb
D:\учёба\3 курс\1 сем\ОСИСП\кусрач\Win32Project1\алгоритмы\AR002\Debug\AR002.dll
D:\учёба\3 курс\1 сем\ОСИСП\кусрач\Win32Project1\алгоритмы\AR002\Debug\AR002.ilk
