D:\учёба\3 курс\1 сем\ОСИСП\кусрач\WIN32PROJECT1\WIN32PROJECT1\DEBUG\WIN32PROJECT1.PCH
D:\учёба\3 курс\1 сем\ОСИСП\кусрач\WIN32PROJECT1\WIN32PROJECT1\DEBUG\STDAFX.OBJ
D:\УЧЁБА\3 КУРС\1 СЕМ\ОСИСП\КУСРАЧ\WIN32PROJECT1\WIN32PROJECT1\DEBUG\VC110.PDB
D:\учёба\3 курс\1 сем\ОСИСП\кусрач\WIN32PROJECT1\WIN32PROJECT1\DEBUG\WIN32PROJECT1.OBJ
D:\учёба\3 курс\1 сем\ОСИСП\кусрач\WIN32PROJECT1\WIN32PROJECT1\DEBUG\AR002ALG.OBJ
D:\учёба\3 курс\1 сем\ОСИСП\кусрач\WIN32PROJECT1\WIN32PROJECT1\DEBUG\FINALG.OBJ
D:\учёба\3 курс\1 сем\ОСИСП\кусрач\WIN32PROJECT1\WIN32PROJECT1\DEBUG\SPLAYALG.OBJ
D:\учёба\3 курс\1 сем\ОСИСП\кусрач\WIN32PROJECT1\WIN32PROJECT1\DEBUG\HUF.OBJ
D:\учёба\3 курс\1 сем\ОСИСП\кусрач\WIN32PROJECT1\DEBUG\WIN32PROJECT1.ILK
D:\учёба\3 курс\1 сем\ОСИСП\кусрач\WIN32PROJECT1\DEBUG\WIN32PROJECT1.EXE
D:\УЧЁБА\3 КУРС\1 СЕМ\ОСИСП\КУСРАЧ\WIN32PROJECT1\DEBUG\WIN32PROJECT1.PDB
D:\учёба\3 курс\1 сем\ОСИСП\кусрач\WIN32PROJECT1\WIN32PROJECT1\DEBUG\WIN32PROJECT1.RES
D:\учёба\3 курс\1 сем\ОСИСП\кусрач\Win32Project1\Win32Project1\Debug\AR002Alg.obj
D:\учёба\3 курс\1 сем\ОСИСП\кусрач\Win32Project1\Win32Project1\Debug\FinAlg.obj
D:\учёба\3 курс\1 сем\ОСИСП\кусрач\Win32Project1\Win32Project1\Debug\Huf.obj
D:\учёба\3 курс\1 сем\ОСИСП\кусрач\Win32Project1\Win32Project1\Debug\SplayAlg.obj
D:\учёба\3 курс\1 сем\ОСИСП\кусрач\Win32Project1\Win32Project1\Debug\stdafx.obj
D:\учёба\3 курс\1 сем\ОСИСП\кусрач\Win32Project1\Win32Project1\Debug\Win32Project1.obj
D:\учёба\3 курс\1 сем\ОСИСП\кусрач\Win32Project1\Win32Project1\Debug\cl.command.1.tlog
D:\учёба\3 курс\1 сем\ОСИСП\кусрач\Win32Project1\Win32Project1\Debug\CL.read.1.tlog
D:\учёба\3 курс\1 сем\ОСИСП\кусрач\Win32Project1\Win32Project1\Debug\CL.write.1.tlog
D:\учёба\3 курс\1 сем\ОСИСП\кусрач\Win32Project1\Win32Project1\Debug\link-cvtres.read.1.tlog
D:\учёба\3 курс\1 сем\ОСИСП\кусрач\Win32Project1\Win32Project1\Debug\link-cvtres.write.1.tlog
D:\учёба\3 курс\1 сем\ОСИСП\кусрач\Win32Project1\Win32Project1\Debug\link-rc.read.1.tlog
D:\учёба\3 курс\1 сем\ОСИСП\кусрач\Win32Project1\Win32Project1\Debug\link-rc.write.1.tlog
D:\учёба\3 курс\1 сем\ОСИСП\кусрач\Win32Project1\Win32Project1\Debug\link.7568-cvtres.read.1.tlog
D:\учёба\3 курс\1 сем\ОСИСП\кусрач\Win32Project1\Win32Project1\Debug\link.7568-cvtres.write.1.tlog
D:\учёба\3 курс\1 сем\ОСИСП\кусрач\Win32Project1\Win32Project1\Debug\link.7568-rc.read.1.tlog
D:\учёба\3 курс\1 сем\ОСИСП\кусрач\Win32Project1\Win32Project1\Debug\link.7568-rc.write.1.tlog
D:\учёба\3 курс\1 сем\ОСИСП\кусрач\Win32Project1\Win32Project1\Debug\link.7568.read.1.tlog
D:\учёба\3 курс\1 сем\ОСИСП\кусрач\Win32Project1\Win32Project1\Debug\link.7568.write.1.tlog
D:\учёба\3 курс\1 сем\ОСИСП\кусрач\Win32Project1\Win32Project1\Debug\link.8792-cvtres.read.1.tlog
D:\учёба\3 курс\1 сем\ОСИСП\кусрач\Win32Project1\Win32Project1\Debug\link.8792-cvtres.write.1.tlog
D:\учёба\3 курс\1 сем\ОСИСП\кусрач\Win32Project1\Win32Project1\Debug\link.8792-rc.read.1.tlog
D:\учёба\3 курс\1 сем\ОСИСП\кусрач\Win32Project1\Win32Project1\Debug\link.8792-rc.write.1.tlog
D:\учёба\3 курс\1 сем\ОСИСП\кусрач\Win32Project1\Win32Project1\Debug\link.8792.read.1.tlog
D:\учёба\3 курс\1 сем\ОСИСП\кусрач\Win32Project1\Win32Project1\Debug\link.8792.write.1.tlog
D:\учёба\3 курс\1 сем\ОСИСП\кусрач\Win32Project1\Win32Project1\Debug\link.command.1.tlog
D:\учёба\3 курс\1 сем\ОСИСП\кусрач\Win32Project1\Win32Project1\Debug\link.read.1.tlog
D:\учёба\3 курс\1 сем\ОСИСП\кусрач\Win32Project1\Win32Project1\Debug\link.write.1.tlog
D:\учёба\3 курс\1 сем\ОСИСП\кусрач\Win32Project1\Win32Project1\Debug\rc.command.1.tlog
D:\учёба\3 курс\1 сем\ОСИСП\кусрач\Win32Project1\Win32Project1\Debug\rc.read.1.tlog
D:\учёба\3 курс\1 сем\ОСИСП\кусрач\Win32Project1\Win32Project1\Debug\rc.write.1.tlog
D:\учёба\3 курс\1 сем\ОСИСП\кусрач\Win32Project1\Win32Project1\Debug\Win32Project1.res
D:\учёба\3 курс\1 сем\ОСИСП\кусрач\Win32Project1\Win32Project1\Debug\Win32Project1.pch
D:\учёба\3 курс\1 сем\ОСИСП\кусрач\Win32Project1\Win32Project1\Debug\vc110.idb
D:\учёба\3 курс\1 сем\ОСИСП\кусрач\Win32Project1\Win32Project1\Debug\vc110.pdb
D:\учёба\3 курс\1 сем\ОСИСП\кусрач\Win32Project1\Debug\Win32Project1.pdb
