Сборка начата 09.11.2015 1:06:11.
     1>Проект "D:\учёба\3 курс\1 сем\ОСИСП\кусрач\алгоритмы\SPLAY\SPLAY\SPLAY.vcxproj" в узле 2 (целевые объекты Build).
     1>ClCompile:
         D:\MS Visual\VC\bin\CL.exe /c /Zi /nologo /W3 /WX- /O2 /Oi /Oy- /GL /D WIN32 /D NDEBUG /D _WINDOWS /D _USRDLL /D SPLAY_EXPORTS /D _WINDLL /D _UNICODE /D UNICODE /Gm- /EHsc /MD /GS /Gy /fp:precise /Zc:wchar_t /Zc:forScope /Fo"Release\\" /Fd"Release\vc110.pdb" /Gd /TC /analyze- /errorReport:prompt ..\..\..\packalg\SPLAY\SPLAY.C
         SPLAY.C
     1>..\..\..\packalg\SPLAY\SPLAY.C(374): warning C4996: 'strcpy': This function or variable may be unsafe. Consider using strcpy_s instead. To disable deprecation, use _CRT_SECURE_NO_WARNINGS. See online help for details.
     1>..\..\..\packalg\SPLAY\SPLAY.C(375): warning C4996: 'strcpy': This function or variable may be unsafe. Consider using strcpy_s instead. To disable deprecation, use _CRT_SECURE_NO_WARNINGS. See online help for details.
     1>..\..\..\packalg\SPLAY\SPLAY.C(386): warning C4996: 'strcpy': This function or variable may be unsafe. Consider using strcpy_s instead. To disable deprecation, use _CRT_SECURE_NO_WARNINGS. See online help for details.
     1>..\..\..\packalg\SPLAY\SPLAY.C(387): warning C4996: 'strcpy': This function or variable may be unsafe. Consider using strcpy_s instead. To disable deprecation, use _CRT_SECURE_NO_WARNINGS. See online help for details.
     1>..\..\..\packalg\SPLAY\SPLAY.C(392): warning C4996: 'fopen': This function or variable may be unsafe. Consider using fopen_s instead. To disable deprecation, use _CRT_SECURE_NO_WARNINGS. See online help for details.
                 D:\MS Visual\VC\include\stdio.h(218): см. объявление "fopen"
     1>..\..\..\packalg\SPLAY\SPLAY.C(397): warning C4996: 'fopen': This function or variable may be unsafe. Consider using fopen_s instead. To disable deprecation, use _CRT_SECURE_NO_WARNINGS. See online help for details.
                 D:\MS Visual\VC\include\stdio.h(218): см. объявление "fopen"
         D:\MS Visual\VC\bin\CL.exe /c /Zi /nologo /W3 /WX- /O2 /Oi /Oy- /GL /D WIN32 /D NDEBUG /D _WINDOWS /D _USRDLL /D SPLAY_EXPORTS /D _WINDLL /D _UNICODE /D UNICODE /Gm- /EHsc /MD /GS /Gy /fp:precise /Zc:wchar_t /Zc:forScope /Fo"Release\\" /Fd"Release\vc110.pdb" /Gd /TP /analyze- /errorReport:prompt SplayAlg.cpp
         SplayAlg.cpp
     1>SplayAlg.cpp(120): warning C4996: 'strcpy': This function or variable may be unsafe. Consider using strcpy_s instead. To disable deprecation, use _CRT_SECURE_NO_WARNINGS. See online help for details.
                 D:\MS Visual\VC\include\string.h(110): см. объявление "strcpy"
     1>SplayAlg.cpp(121): warning C4996: 'strcpy': This function or variable may be unsafe. Consider using strcpy_s instead. To disable deprecation, use _CRT_SECURE_NO_WARNINGS. See online help for details.
                 D:\MS Visual\VC\include\string.h(110): см. объявление "strcpy"
     1>SplayAlg.cpp(131): warning C4996: 'strcpy': This function or variable may be unsafe. Consider using strcpy_s instead. To disable deprecation, use _CRT_SECURE_NO_WARNINGS. See online help for details.
                 D:\MS Visual\VC\include\string.h(110): см. объявление "strcpy"
     1>SplayAlg.cpp(132): warning C4996: 'strcpy': This function or variable may be unsafe. Consider using strcpy_s instead. To disable deprecation, use _CRT_SECURE_NO_WARNINGS. See online help for details.
                 D:\MS Visual\VC\include\string.h(110): см. объявление "strcpy"
     1>SplayAlg.cpp(137): warning C4996: 'fopen': This function or variable may be unsafe. Consider using fopen_s instead. To disable deprecation, use _CRT_SECURE_NO_WARNINGS. See online help for details.
                 D:\MS Visual\VC\include\stdio.h(218): см. объявление "fopen"
     1>SplayAlg.cpp(141): warning C4996: 'fopen': This function or variable may be unsafe. Consider using fopen_s instead. To disable deprecation, use _CRT_SECURE_NO_WARNINGS. See online help for details.
                 D:\MS Visual\VC\include\stdio.h(218): см. объявление "fopen"
       Link:
         D:\MS Visual\VC\bin\link.exe /ERRORREPORT:PROMPT /OUT:"D:\учёба\3 курс\1 сем\ОСИСП\кусрач\Win32Project1\Release\SPLAY.dll" /INCREMENTAL:NO /NOLOGO kernel32.lib user32.lib gdi32.lib winspool.lib comdlg32.lib advapi32.lib shell32.lib ole32.lib oleaut32.lib uuid.lib odbc32.lib odbccp32.lib /MANIFEST /MANIFESTUAC:"level='asInvoker' uiAccess='false'" /manifest:embed /DEBUG /PDB:"D:\учёба\3 курс\1 сем\ОСИСП\кусрач\Win32Project1\Release\SPLAY.pdb" /SUBSYSTEM:WINDOWS /OPT:REF /OPT:ICF /LTCG /TLBID:1 /DYNAMICBASE /NXCOMPAT /IMPLIB:"D:\учёба\3 курс\1 сем\ОСИСП\кусрач\Win32Project1\Release\SPLAY.lib" /MACHINE:X86 /SAFESEH /DLL Release\SPLAY.obj
         Release\SplayAlg.obj
         Создание кода
         Создание кода завершено
         SPLAY.vcxproj -> D:\учёба\3 курс\1 сем\ОСИСП\кусрач\Win32Project1\Release\SPLAY.dll
     1>Построение проекта "D:\учёба\3 курс\1 сем\ОСИСП\кусрач\алгоритмы\SPLAY\SPLAY\SPLAY.vcxproj" завершено (целевые объекты Build).

Построение успешно завершено.

Затраченное время: 00:00:00.44
