D:\учёба\3 курс\1 сем\ОСИСП\кусрач\WIN32PROJECT1\алгоритмы\HUF\HUF\DEBUG\HUF.OBJ
D:\УЧЁБА\3 КУРС\1 СЕМ\ОСИСП\КУСРАЧ\WIN32PROJECT1\АЛГОРИТМЫ\HUF\HUF\DEBUG\VC110.PDB
D:\учёба\3 курс\1 сем\ОСИСП\кусрач\WIN32PROJECT1\DEBUG\HUF.ILK
D:\учёба\3 курс\1 сем\ОСИСП\кусрач\WIN32PROJECT1\DEBUG\HUF.DLL
D:\УЧЁБА\3 КУРС\1 СЕМ\ОСИСП\КУСРАЧ\WIN32PROJECT1\DEBUG\HUF.PDB
D:\учёба\3 курс\1 сем\ОСИСП\кусрач\Win32Project1\алгоритмы\HUF\HUF\Debug\Huf.obj
D:\учёба\3 курс\1 сем\ОСИСП\кусрач\Win32Project1\алгоритмы\HUF\HUF\Debug\cl.command.1.tlog
D:\учёба\3 курс\1 сем\ОСИСП\кусрач\Win32Project1\алгоритмы\HUF\HUF\Debug\CL.read.1.tlog
D:\учёба\3 курс\1 сем\ОСИСП\кусрач\Win32Project1\алгоритмы\HUF\HUF\Debug\CL.write.1.tlog
D:\учёба\3 курс\1 сем\ОСИСП\кусрач\Win32Project1\алгоритмы\HUF\HUF\Debug\link-cvtres.read.1.tlog
D:\учёба\3 курс\1 сем\ОСИСП\кусрач\Win32Project1\алгоритмы\HUF\HUF\Debug\link-cvtres.write.1.tlog
D:\учёба\3 курс\1 сем\ОСИСП\кусрач\Win32Project1\алгоритмы\HUF\HUF\Debug\link-rc.read.1.tlog
D:\учёба\3 курс\1 сем\ОСИСП\кусрач\Win32Project1\алгоритмы\HUF\HUF\Debug\link-rc.write.1.tlog
D:\учёба\3 курс\1 сем\ОСИСП\кусрач\Win32Project1\алгоритмы\HUF\HUF\Debug\link.command.1.tlog
D:\учёба\3 курс\1 сем\ОСИСП\кусрач\Win32Project1\алгоритмы\HUF\HUF\Debug\link.read.1.tlog
D:\учёба\3 курс\1 сем\ОСИСП\кусрач\Win32Project1\алгоритмы\HUF\HUF\Debug\link.write.1.tlog
D:\учёба\3 курс\1 сем\ОСИСП\кусрач\Win32Project1\алгоритмы\HUF\HUF\Debug\vc110.idb
D:\учёба\3 курс\1 сем\ОСИСП\кусрач\Win32Project1\алгоритмы\HUF\HUF\Debug\vc110.pdb
D:\учёба\3 курс\1 сем\ОСИСП\кусрач\Win32Project1\Debug\HUF.pdb
D:\учёба\3 курс\1 сем\ОСИСП\кусрач\Win32Project1\Debug\HUF.dll
D:\учёба\3 курс\1 сем\ОСИСП\кусрач\Win32Project1\Debug\HUF.ilk
